INFO-FLOW: Workspace D:/Xilinx/Vivado_Projects/Senior_Project_all/hls/motion_management/solution1 opened at Thu Apr 04 18:54:07 -0700 2019
Execute     config_clock -quiet -name default -period 10 -default=false 
INFO: [SYN 201-201] Setting up clock 'default' with a period of 10ns.
Execute     open_platform DefaultPlatform 
Execute     import_lib D:/Xilinx/Vivado/2018.2/common/technology/xilinx/zynq/zynq 
Execute       source D:/Xilinx/Vivado/2018.2/common/technology/xilinx/common/xilinx.lib 
Execute         source D:/Xilinx/Vivado/2018.2/common/technology/xilinx/interface/xilinx_interface.lib 
Execute           source D:/Xilinx/Vivado/2018.2/common/technology/xilinx/interface/plb46.lib 
Execute           source D:/Xilinx/Vivado/2018.2/common/technology/xilinx/interface/fsl.lib 
Execute           source D:/Xilinx/Vivado/2018.2/common/technology/xilinx/interface/axi4.lib 
Execute           source D:/Xilinx/Vivado/2018.2/common/technology/xilinx/interface/maxi.lib 
Execute           source D:/Xilinx/Vivado/2018.2/common/technology/xilinx/interface/saxilite.lib 
Execute         source D:/Xilinx/Vivado/2018.2/common/technology/xilinx/common/dsp48.lib 
Execute         source D:/Xilinx/Vivado/2018.2/common/technology/xilinx/ip/dds_compiler.lib 
Execute         source D:/Xilinx/Vivado/2018.2/common/technology/xilinx/ip/xfft.lib 
Execute         source D:/Xilinx/Vivado/2018.2/common/technology/xilinx/ip/xfir.lib 
Execute       source D:/Xilinx/Vivado/2018.2/common/technology/xilinx/common/xilinx_old.lib 
Execute       source D:/Xilinx/Vivado/2018.2/common/technology/xilinx/common/xilinx_vivado.lib 
Execute       source D:/Xilinx/Vivado/2018.2/common/technology/xilinx/common/xilinx.hlp 
Execute         source D:/Xilinx/Vivado/2018.2/common/technology/xilinx/common/target_info.tcl 
Execute         source D:/Xilinx/Vivado/2018.2/common/technology/xilinx/interface/xilinx_interface.hlp 
Execute           source D:/Xilinx/Vivado/2018.2/common/technology/xilinx/interface/maxi.hlp 
Execute           source D:/Xilinx/Vivado/2018.2/common/technology/xilinx/interface/saxilite.hlp 
Execute         source D:/Xilinx/Vivado/2018.2/common/technology/xilinx/common/dsp48.hlp 
Execute       source D:/Xilinx/Vivado/2018.2/common/technology/xilinx/zynq/dsp48e1.hlp 
Execute       get_default_platform 
Execute       config_chip_info -quiet -resource  {SLICE 13300}  {LUT 53200}     {FF 106400} {DSP48E 220}   {BRAM 280}  
Execute       config_chip_info -quiet -speed medium 
Execute       source D:/Xilinx/Vivado/2018.2/common/technology/xilinx/common/xilinx.hlp 
Execute         source D:/Xilinx/Vivado/2018.2/common/technology/xilinx/common/target_info.tcl 
Execute         source D:/Xilinx/Vivado/2018.2/common/technology/xilinx/interface/xilinx_interface.hlp 
Execute           source D:/Xilinx/Vivado/2018.2/common/technology/xilinx/interface/maxi.hlp 
Execute           source D:/Xilinx/Vivado/2018.2/common/technology/xilinx/interface/saxilite.hlp 
Execute         source D:/Xilinx/Vivado/2018.2/common/technology/xilinx/common/dsp48.hlp 
Execute     source D:/Xilinx/Vivado/2018.2/common/technology/xilinx/zynq/zynq.gen 
Execute       source D:/Xilinx/Vivado/2018.2/common/technology/xilinx/common/virtex.gen 
Execute         source D:/Xilinx/Vivado/2018.2/common/technology/xilinx/common/xilinx.gen 
Execute           source D:/Xilinx/Vivado/2018.2/common/technology/xilinx/interface/plb46.gen 
Execute           source D:/Xilinx/Vivado/2018.2/common/technology/xilinx/interface/fsl.gen 
Execute           source D:/Xilinx/Vivado/2018.2/common/technology/xilinx/interface/axi4.gen 
Execute           source D:/Xilinx/Vivado/2018.2/common/technology/xilinx/interface/nativeAXI4.gen 
Execute             source D:/Xilinx/Vivado/2018.2/common/technology/xilinx/interface/saxilite.gen 
Execute             source D:/Xilinx/Vivado/2018.2/common/technology/xilinx/interface/maxi.gen 
Execute           source D:/Xilinx/Vivado/2018.2/common/technology/xilinx/scripts/xilinxcoregen.gen 
Execute           source D:/Xilinx/Vivado/2018.2/common/technology/xilinx/interface/XilEDKCoreGen.gen 
Execute           source D:/Xilinx/Vivado/2018.2/common/technology/xilinx/ip/dds_compiler.gen 
Execute           source D:/Xilinx/Vivado/2018.2/common/technology/xilinx/ip/util.gen 
Execute           source D:/Xilinx/Vivado/2018.2/common/technology/xilinx/ip/xfft.gen 
Execute           source D:/Xilinx/Vivado/2018.2/common/technology/xilinx/ip/xfir.gen 
Command         ap_source done; 0.116 sec.
Execute         source D:/Xilinx/Vivado/2018.2/common/technology/xilinx/common/dsp48.gen 
Command       ap_source done; 0.118 sec.
Command     ap_source done; 0.118 sec.
Execute     open_platform DefaultPlatform 
Execute     import_lib D:/Xilinx/Vivado/2018.2/common/technology/xilinx/zynq/zynq_fpv6 
Execute       source D:/Xilinx/Vivado/2018.2/common/technology/xilinx/common/xilinx_fpv7.lib 
Execute         source D:/Xilinx/Vivado/2018.2/common/technology/xilinx/common/xilinx_hp.lib 
Execute       source D:/Xilinx/Vivado/2018.2/common/technology/xilinx/common/xilinx_fpv.hlp 
Execute         source D:/Xilinx/Vivado/2018.2/common/technology/xilinx/common/xilinx.hlp 
Execute           source D:/Xilinx/Vivado/2018.2/common/technology/xilinx/common/target_info.tcl 
Execute           source D:/Xilinx/Vivado/2018.2/common/technology/xilinx/interface/xilinx_interface.hlp 
Execute             source D:/Xilinx/Vivado/2018.2/common/technology/xilinx/interface/maxi.hlp 
Execute             source D:/Xilinx/Vivado/2018.2/common/technology/xilinx/interface/saxilite.hlp 
Execute           source D:/Xilinx/Vivado/2018.2/common/technology/xilinx/common/dsp48.hlp 
Execute       source D:/Xilinx/Vivado/2018.2/common/technology/xilinx/zynq/zynq_hp.hlp 
Execute     source D:/Xilinx/Vivado/2018.2/common/technology/xilinx/zynq/zynq_fpv6.gen 
Execute       source D:/Xilinx/Vivado/2018.2/common/technology/xilinx/common/xilinx_fpv6.gen 
Execute     set_part xc7z020clg400-1 
Execute       add_library xilinx/zynq/zynq:xc7z020:clg400:-1 
Execute         get_default_platform 
Execute         license_isbetapart xc7z020 
Command         license_isbetapart done; error code: 1; 
Execute         get_default_platform 
Execute         config_chip_info -quiet -resource  {SLICE 13300}  {LUT 53200}     {FF 106400} {DSP48E 220}   {BRAM 280}  
Execute         config_chip_info -quiet -speed slow 
Execute       add_library xilinx/zynq/zynq_fpv6 
Execute         get_default_platform 
INFO: [HLS 200-10] Setting target device to 'xc7z020clg400-1'
Execute       get_default_platform 
Execute     get_default_platform 
Execute     config_chip_info -quiet -resource  {SLICE 13300}  {LUT 53200}     {FF 106400} {DSP48E 220}   {BRAM 280}  
Execute     config_chip_info -quiet -speed slow 
Command   open_solution done; 0.346 sec.
Execute   set_part xc7z020clg400-1 -tool vivado 
Execute     add_library xilinx/zynq/zynq:xc7z020:clg400:-1 
Execute       get_default_platform 
Execute       license_isbetapart xc7z020 
Command       license_isbetapart done; error code: 1; 
Execute       get_default_platform 
Execute       config_chip_info -quiet -resource  {SLICE 13300}  {LUT 53200}     {FF 106400} {DSP48E 220}   {BRAM 280}  
Execute       config_chip_info -quiet -speed slow 
Execute     add_library xilinx/zynq/zynq_fpv6 
Execute       get_default_platform 
Execute     get_default_platform 
Execute   create_clock -period 10 -name default 
Execute     config_clock -quiet -name default -period 10 -default=false 
INFO: [SYN 201-201] Setting up clock 'default' with a period of 10ns.
Execute   source ./motion_management/solution1/directives.tcl 
Execute     set_directive_interface manage forward 
INFO-FLOW: Setting directive 'INTERFACE' port=positionBooleanTextRequiredforward 
Execute   csynth_design 
Execute     get_config_compile -effort 
Execute     get_config_compile -enable_clang39 
Execute     get_config_compile -g 
Execute     get_config_compile -lm 
Execute     get_config_compile -ng 
Execute     get_config_compile -opt_fp 
Execute     get_config_compile -skip_cdt 
Execute     get_config_compile -skip_syncheck 
Execute     get_config_compile -skip_transform 
Execute     get_config_compile -keep_printf 
Execute     elaborate -effort=medium -skip_syncheck=0 -keep_printf=0 -lm=0 -skip_cdt=0 -skip_transform=0 -ng=0 -g=0 -opt_fp=0 -from_csynth_design=1 
Execute       get_config_schedule -relax_ii_for_timing 
Execute       get_config_schedule -suppress_dependence_error_break 
INFO: [HLS 200-10] Analyzing design file 'manage.cpp' ... 
INFO-FLOW: Compiling one TU...
Execute       is_m_axi_addr64 
INFO-FLOW: Handling manage.cpp as C++
Execute       get_default_platform 
Execute       is_encrypted manage.cpp 
Execute       get_default_platform 
INFO-FLOW: Source preprocessing
Execute       clang  -fno-limit-debug-info -gcc-toolchain "D:/Xilinx/Vivado/2018.2/msys" -hls  -fno-exceptions  -D__llvm__  -E "manage.cpp"     -fno-math-errno -c -emit-llvm -O0  -mllvm -disable-llvm-optzns -fno-threadsafe-statics  -fno-use-cxa-atexit  -fno-threadsafe-statics -fno-use-cxa-atexit -D__CLANG_3_1__ -D__cdecl= -DAESL_SYN -D__SYNTHESIS__ -D__HLS_SYN__ -I "D:/Xilinx/Vivado/2018.2/common/technology/autopilot" -I "D:/Xilinx/Vivado/2018.2/common/technology/autopilot/ap_sysc" -include etc/autopilot_ssdm_op.h -D__DSP48E1__  -o "D:/Xilinx/Vivado_Projects/Senior_Project_all/hls/motion_management/solution1/.autopilot/db/manage.pp.0.cpp" 
INFO-FLOW: exec D:/Xilinx/Vivado/2018.2/win64/tools/clang/bin/clang -fno-limit-debug-info -gcc-toolchain D:/Xilinx/Vivado/2018.2/msys -hls -fno-exceptions -D__llvm__ -E manage.cpp -fno-math-errno -c -emit-llvm -O0 -mllvm -disable-llvm-optzns -fno-threadsafe-statics -fno-use-cxa-atexit -fno-threadsafe-statics -fno-use-cxa-atexit -D__CLANG_3_1__ -D__cdecl= -DAESL_SYN -D__SYNTHESIS__ -D__HLS_SYN__ -I D:/Xilinx/Vivado/2018.2/common/technology/autopilot -I D:/Xilinx/Vivado/2018.2/common/technology/autopilot/ap_sysc -include etc/autopilot_ssdm_op.h -D__DSP48E1__ -o D:/Xilinx/Vivado_Projects/Senior_Project_all/hls/motion_management/solution1/.autopilot/db/manage.pp.0.cpp
Command       clang done; 0.777 sec.
INFO-FLOW: Syntax Checking before pre-processing...
Execute       clang  -fno-limit-debug-info -gcc-toolchain "D:/Xilinx/Vivado/2018.2/msys" -hls    -fno-math-errno -c -emit-llvm -O0  -mllvm -disable-llvm-optzns -fno-threadsafe-statics  -fno-use-cxa-atexit  -fno-threadsafe-statics -fno-use-cxa-atexit -D__CLANG_3_1__ -D__cdecl= -DAESL_SYN -D__SYNTHESIS__ -D__HLS_SYN__ -I "D:/Xilinx/Vivado/2018.2/common/technology/autopilot" -I "D:/Xilinx/Vivado/2018.2/common/technology/autopilot/ap_sysc" -include etc/autopilot_ssdm_op.h -D__DSP48E1__  "D:/Xilinx/Vivado_Projects/Senior_Project_all/hls/motion_management/solution1/.autopilot/db/manage.pp.0.cpp"  -o "D:/Xilinx/Vivado_Projects/Senior_Project_all/hls/motion_management/solution1/.autopilot/db/useless.bc"  
INFO-FLOW: exec D:/Xilinx/Vivado/2018.2/win64/tools/clang/bin/clang -fno-limit-debug-info -gcc-toolchain D:/Xilinx/Vivado/2018.2/msys -hls -fno-math-errno -c -emit-llvm -O0 -mllvm -disable-llvm-optzns -fno-threadsafe-statics -fno-use-cxa-atexit -fno-threadsafe-statics -fno-use-cxa-atexit -D__CLANG_3_1__ -D__cdecl= -DAESL_SYN -D__SYNTHESIS__ -D__HLS_SYN__ -I D:/Xilinx/Vivado/2018.2/common/technology/autopilot -I D:/Xilinx/Vivado/2018.2/common/technology/autopilot/ap_sysc -include etc/autopilot_ssdm_op.h -D__DSP48E1__ D:/Xilinx/Vivado_Projects/Senior_Project_all/hls/motion_management/solution1/.autopilot/db/manage.pp.0.cpp -o D:/Xilinx/Vivado_Projects/Senior_Project_all/hls/motion_management/solution1/.autopilot/db/useless.bc
Command       clang done; 1.043 sec.
INFO-FLOW: GCC PP time: 1 seconds per iteration
INFO-FLOW: Setting directive 'INTERFACE' port=positionBooleanTextRequiredforward 
INFO-FLOW: Setting directive 'INTERFACE' port=positionBooleanTextRequiredforward 
Execute       list_core -type functional_unit 
Execute       tidy_31 xilinx-systemc-detector D:/Xilinx/Vivado_Projects/Senior_Project_all/hls/motion_management/solution1/.autopilot/db/manage.pp.0.cpp std=gnu++98 -directive=D:/Xilinx/Vivado_Projects/Senior_Project_all/hls/motion_management/solution1/.autopilot/db/.systemc_flag 
INFO-FLOW: exec D:/Xilinx/Vivado/2018.2/win64/tools/clang-3.9-csynth/bin/tidy-3.1 -header-filter=.* --checks=-*,xilinx-systemc-detector -import-directive=D:/Xilinx/Vivado_Projects/Senior_Project_all/hls/motion_management/solution1/.autopilot/db/.systemc_flag -quiet -fix-errors D:/Xilinx/Vivado_Projects/Senior_Project_all/hls/motion_management/solution1/.autopilot/db/manage.pp.0.cpp -- -std=gnu++98 -fhls -ferror-limit=0
Command       tidy_31 done; 0.412 sec.
INFO-FLOW: CDT Preprocessing with tidy-3.1...
Execute       tidy_31 xilinx-directive2pragma D:/Xilinx/Vivado_Projects/Senior_Project_all/hls/motion_management/solution1/.autopilot/db/manage.pp.0.cpp std=gnu++98 -directive=D:/Xilinx/Vivado_Projects/Senior_Project_all/hls/motion_management/solution1/solution1.json 
INFO-FLOW: exec D:/Xilinx/Vivado/2018.2/win64/tools/clang-3.9-csynth/bin/tidy-3.1 -header-filter=.* --checks=-*,xilinx-directive2pragma -import-directive=D:/Xilinx/Vivado_Projects/Senior_Project_all/hls/motion_management/solution1/solution1.json -quiet -fix-errors D:/Xilinx/Vivado_Projects/Senior_Project_all/hls/motion_management/solution1/.autopilot/db/manage.pp.0.cpp -- -std=gnu++98 -fhls -ferror-limit=0
Command       tidy_31 done; 0.879 sec.
Execute       get_config_dataflow -strict_mode 
Execute       ap_eval exec -ignorestderr D:/Xilinx/Vivado/2018.2/win64/tools/clang-3.9-csynth/bin/xilinx-dataflow-lawyer -export-fixes=D:/Xilinx/Vivado_Projects/Senior_Project_all/hls/motion_management/solution1/.autopilot/db/xilinx-dataflow-lawyer.manage.pp.0.cpp.diag.yml D:/Xilinx/Vivado_Projects/Senior_Project_all/hls/motion_management/solution1/.autopilot/db/manage.pp.0.cpp -- -std=gnu++98 -fhls -ferror-limit=0 -fstrict-dataflow > D:/Xilinx/Vivado_Projects/Senior_Project_all/hls/motion_management/solution1/.autopilot/db/xilinx-dataflow-lawyer.manage.pp.0.cpp.out.log 2> D:/Xilinx/Vivado_Projects/Senior_Project_all/hls/motion_management/solution1/.autopilot/db/xilinx-dataflow-lawyer.manage.pp.0.cpp.err.log 
Command       ap_eval done; 0.386 sec.
Execute       tidy_31 -errorcheck xilinx-constantarray-param,xilinx-resource-pragma-transformer D:/Xilinx/Vivado_Projects/Senior_Project_all/hls/motion_management/solution1/.autopilot/db/manage.pp.0.cpp std=gnu++98 
INFO-FLOW: exec D:/Xilinx/Vivado/2018.2/win64/tools/clang-3.9-csynth/bin/tidy-3.1 -header-filter=.* --checks=-*,xilinx-constantarray-param,xilinx-resource-pragma-transformer -quiet -fix-errors D:/Xilinx/Vivado_Projects/Senior_Project_all/hls/motion_management/solution1/.autopilot/db/manage.pp.0.cpp -- -std=gnu++98 -fhls -ferror-limit=0
INFO-FLOW: exec D:/Xilinx/Vivado/2018.2/win64/tools/clang-3.9-csynth/bin/xilinx-legacy-rewriter D:/Xilinx/Vivado_Projects/Senior_Project_all/hls/motion_management/solution1/.autopilot/db/manage.pp.0.cpp -- -std=gnu++98 -fhls -ferror-limit=0
Command       tidy_31 done; 0.78 sec.
INFO-FLOW: tidy-3.1 time 2 seconds per iteration
INFO-FLOW: Pragma Handling...
Execute       tidy_31 xilinx-ssdm-intrinsics-arguments D:/Xilinx/Vivado_Projects/Senior_Project_all/hls/motion_management/solution1/.autopilot/db/manage.pragma.1.cpp std=gnu++98 
INFO-FLOW: exec D:/Xilinx/Vivado/2018.2/win64/tools/clang-3.9-csynth/bin/tidy-3.1 -header-filter=.* --checks=-*,xilinx-ssdm-intrinsics-arguments -quiet -fix-errors D:/Xilinx/Vivado_Projects/Senior_Project_all/hls/motion_management/solution1/.autopilot/db/manage.pragma.1.cpp -- -std=gnu++98 -fhls -ferror-limit=0
Command       tidy_31 done; 0.953 sec.
INFO-FLOW: Source preprocessing
Execute       clang  -fno-limit-debug-info -gcc-toolchain "D:/Xilinx/Vivado/2018.2/msys" -hls  -fno-exceptions  -D__llvm__  -E "D:/Xilinx/Vivado_Projects/Senior_Project_all/hls/motion_management/solution1/.autopilot/db/manage.pragma.1.cpp"     -fno-math-errno -c -emit-llvm -O0  -mllvm -disable-llvm-optzns -fno-threadsafe-statics  -fno-use-cxa-atexit  -fno-threadsafe-statics -fno-use-cxa-atexit -D__CLANG_3_1__ -D__cdecl= -DAESL_SYN -D__SYNTHESIS__ -D__HLS_SYN__ -I "D:/Xilinx/Vivado/2018.2/common/technology/autopilot" -I "D:/Xilinx/Vivado/2018.2/common/technology/autopilot/ap_sysc" -include etc/autopilot_ssdm_op.h -D__DSP48E1__  -o "D:/Xilinx/Vivado_Projects/Senior_Project_all/hls/motion_management/solution1/.autopilot/db/manage.pragma.2.cpp" 
INFO-FLOW: exec D:/Xilinx/Vivado/2018.2/win64/tools/clang/bin/clang -fno-limit-debug-info -gcc-toolchain D:/Xilinx/Vivado/2018.2/msys -hls -fno-exceptions -D__llvm__ -E D:/Xilinx/Vivado_Projects/Senior_Project_all/hls/motion_management/solution1/.autopilot/db/manage.pragma.1.cpp -fno-math-errno -c -emit-llvm -O0 -mllvm -disable-llvm-optzns -fno-threadsafe-statics -fno-use-cxa-atexit -fno-threadsafe-statics -fno-use-cxa-atexit -D__CLANG_3_1__ -D__cdecl= -DAESL_SYN -D__SYNTHESIS__ -D__HLS_SYN__ -I D:/Xilinx/Vivado/2018.2/common/technology/autopilot -I D:/Xilinx/Vivado/2018.2/common/technology/autopilot/ap_sysc -include etc/autopilot_ssdm_op.h -D__DSP48E1__ -o D:/Xilinx/Vivado_Projects/Senior_Project_all/hls/motion_management/solution1/.autopilot/db/manage.pragma.2.cpp
Command       clang done; 0.756 sec.
Execute       get_default_platform 
INFO-FLOW: Processing labels
Execute       clang -src D:/Xilinx/Vivado_Projects/Senior_Project_all/hls/motion_management/solution1/.autopilot/db/manage.pragma.2.cpp  -fno-limit-debug-info -gcc-toolchain D:/Xilinx/Vivado/2018.2/msys -hls -hls-analyze-label -hls-analyze-pragma -fno-exceptions  -D__llvm__  -w  "D:/Xilinx/Vivado_Projects/Senior_Project_all/hls/motion_management/solution1/.autopilot/db/manage.pragma.2.cpp"    -fno-math-errno -c -emit-llvm -O0  -mllvm -disable-llvm-optzns -fno-threadsafe-statics  -fno-use-cxa-atexit -DAESL_SYN -D__SYNTHESIS__ -D__HLS_SYN__ -I "D:/Xilinx/Vivado/2018.2/common/technology/autopilot" -I "D:/Xilinx/Vivado/2018.2/common/technology/autopilot/ap_sysc" -include etc/autopilot_ssdm_op.h -D__DSP48E1__ -g -o "D:/Xilinx/Vivado_Projects/Senior_Project_all/hls/motion_management/solution1/.autopilot/db/manage.bc" 
INFO-FLOW: exec D:/Xilinx/Vivado/2018.2/win64/tools/clang/bin/clang -fno-limit-debug-info -gcc-toolchain D:/Xilinx/Vivado/2018.2/msys -hls -hls-analyze-label -hls-analyze-pragma -fno-exceptions -D__llvm__ -w D:/Xilinx/Vivado_Projects/Senior_Project_all/hls/motion_management/solution1/.autopilot/db/manage.pragma.2.cpp -fno-math-errno -c -emit-llvm -O0 -mllvm -disable-llvm-optzns -fno-threadsafe-statics -fno-use-cxa-atexit -DAESL_SYN -D__SYNTHESIS__ -D__HLS_SYN__ -I D:/Xilinx/Vivado/2018.2/common/technology/autopilot -I D:/Xilinx/Vivado/2018.2/common/technology/autopilot/ap_sysc -include etc/autopilot_ssdm_op.h -D__DSP48E1__ -g -o D:/Xilinx/Vivado_Projects/Senior_Project_all/hls/motion_management/solution1/.autopilot/db/manage.bc
Command       clang done; 1.033 sec.
INFO-FLOW: Linking Debug ...
Execute       llvm-ld D:/Xilinx/Vivado_Projects/Senior_Project_all/hls/motion_management/solution1/.autopilot/db/manage.g.bc -hls-opt -except-internalize manage -LD:/Xilinx/Vivado/2018.2/win64/lib -lhlsm -lhlsmc++ -o D:/Xilinx/Vivado_Projects/Senior_Project_all/hls/motion_management/solution1/.autopilot/db/a.g 
Command       llvm-ld done; 0.766 sec.
INFO: [HLS 200-111] Finished Linking Time (s): cpu = 00:00:01 ; elapsed = 00:00:09 . Memory (MB): peak = 103.617 ; gain = 46.527
INFO: [HLS 200-111] Finished Checking Pragmas Time (s): cpu = 00:00:01 ; elapsed = 00:00:09 . Memory (MB): peak = 103.617 ; gain = 46.527
Execute       ::config_rtl 
Execute       opt_and_import_c a -opt_level=2 -skip_syncheck=0 -ng=0 -keep_printf=0 
Execute         cleanup_all_models 
INFO: [HLS 200-10] Starting code transformations ...
Execute         transform -promote-dbg-pointer D:/Xilinx/Vivado_Projects/Senior_Project_all/hls/motion_management/solution1/.autopilot/db/a.pp.bc -o D:/Xilinx/Vivado_Projects/Senior_Project_all/hls/motion_management/solution1/.autopilot/db/a.pp.0.bc -f 
Execute         llvm-ld D:/Xilinx/Vivado_Projects/Senior_Project_all/hls/motion_management/solution1/.autopilot/db/a.pp.0.bc -disable-opt -LD:/Xilinx/Vivado/2018.2/win64/lib -lfloatconversion -o D:/Xilinx/Vivado_Projects/Senior_Project_all/hls/motion_management/solution1/.autopilot/db/a.g.0 
Command         llvm-ld done; 0.806 sec.
INFO-FLOW: Running Standard Transforms...
Execute         transform -hls -share-std-xform -demangle-name -inline-byval-memcpy -always-inline -promote-dbg-pointer -interface-preproc -scalarrepl -mem2reg -keep-read-access -instcombine -dce -promote-dbg-pointer -bitop-raise -loop-simplify -indvarspre -indvars -loop-simplify -xunroll -constprop -instcombine -simplifycfg -indvars -simplifycfg -dce -globaldce -basicaa -simplifycfg -mem2reg -globalopt -global-constprop -deadargelim -instcombine -simplifycfg -prune-eh -simplifycfg -scalarrepl -instcombine -reassociate -licm -simplifycfg -loop-simplify -indvars -instcombine -simplifycfg -mem2reg -loop-simplify -indvars -instcombine -gvn -gvn -instcombine -adce -break-crit-edges -simplifycfg -loop-delete -global-array-opt -dce -dse -adce -find-syn-modules -top manage -deadargelim -mem2reg -instcombine -dce -presyn-prepare -auto-rom-infer -interface-preproc -syn-check -check-rec-only -find-region -simplifycfg -func-extr -function-inline -globaldce -mem2reg -instcombine -dce -gvn -globaldce -adce -adse -constprop -instcombine -bit-constprop -instcombine -dce -simplifycfg -bitop-raise -simplifycfg -dce -loop-delete -reassociate -globalopt -global-privatize -mem2reg -dce -global-constprop -pointer-simplify -constprop -dce -func-inst -deadargelim -auto-shift-reg-idiom -promote-dbg-pointer -norm-name D:/Xilinx/Vivado_Projects/Senior_Project_all/hls/motion_management/solution1/.autopilot/db/a.g.0.bc -o D:/Xilinx/Vivado_Projects/Senior_Project_all/hls/motion_management/solution1/.autopilot/db/a.g.1.bc -f -phase std-opt 
INFO: [XFORM 203-603] Inlining function 'ap_fixed_base<79, 55, false, (ap_q_mode)5, (ap_o_mode)3, 0>::operator<<' into 'generic_cast_IEEE754<int, (ap_q_mode)6, float>' (r:/builds/2018.2/continuous/2018_06_14_2258646/src/products/hls/hls_lib/hlsmath/include/FloatingPoint\hls_case_IEEE754.h:17).
INFO: [XFORM 203-603] Inlining function 'ap_fixed_base<1, 32, false, (ap_q_mode)5, (ap_o_mode)0, 0>::overflow_adjust' into 'ap_fixed_base<1, 32, false, (ap_q_mode)5, (ap_o_mode)0, 0>::ap_fixed_base<79, 55, false, (ap_q_mode)5, (ap_o_mode)3, 0>' ().
Command         transform done; 1.099 sec.
INFO: [HLS 200-111] Finished Standard Transforms Time (s): cpu = 00:00:02 ; elapsed = 00:00:11 . Memory (MB): peak = 152.465 ; gain = 95.375
INFO: [HLS 200-10] Checking synthesizability ...
INFO-FLOW: Checking Synthesizability 1/2..
Execute         transform -hls -syn-check -check-rec-only -disaggr -scalarrepl -norm-name -dce -mem2reg -instcombine -function-uniquify -directive-preproc -mem2reg -dse -dce -auto-rom-infer -dce -array-normalize -instcombine -dce -warn-fifo-pointer -array-seg-normalize -instcombine -dce -array-flatten -instcombine -dce -array-burst -dce -deadargelim -promote-global-argument -simplifycfg -mem2reg -globaldce -resolve-double-ptr -dce -deadargelim -dce -instcombine -function-inline -globaldce -dce -doublePtrSimplify -doublePtrElim -dce -doublePtrSimplify -promote-dbg-pointer -dce -scalarrepl -dse -adse -instcombine -ptrLegalization -simplifycfg -dce -instcombine -pointer-simplify -ptrArgReplace -dce -instcombine -disaggr -scalarrepl -norm-name -dce -mem2reg -instcombine -ptrLegalization -simplifycfg -deadargelim -instcombine -dce -inst-simplify -function-uniquify -directive-preproc -mem2reg -dse -dce -globaldce D:/Xilinx/Vivado_Projects/Senior_Project_all/hls/motion_management/solution1/.autopilot/db/a.g.1.bc -o D:/Xilinx/Vivado_Projects/Senior_Project_all/hls/motion_management/solution1/.autopilot/db/a.g.2.prechk.bc -f 
INFO: [XFORM 203-602] Inlining function 'fp_struct<float>::mantissa' into 'generic_cast_IEEE754<int, (ap_q_mode)6, float>' (r:/builds/2018.2/continuous/2018_06_14_2258646/src/products/hls/hls_lib/hlsmath/include/FloatingPoint\hls_case_IEEE754.h:14) automatically.
INFO: [XFORM 203-602] Inlining function 'fp_struct<float>::expv' into 'generic_cast_IEEE754<int, (ap_q_mode)6, float>' (r:/builds/2018.2/continuous/2018_06_14_2258646/src/products/hls/hls_lib/hlsmath/include/FloatingPoint\hls_case_IEEE754.h:17) automatically.
INFO: [XFORM 203-602] Inlining function 'fp_struct<float>::__signbit' into 'generic_cast_IEEE754<int, (ap_q_mode)6, float>' (r:/builds/2018.2/continuous/2018_06_14_2258646/src/products/hls/hls_lib/hlsmath/include/FloatingPoint\hls_case_IEEE754.h:49) automatically.
INFO: [XFORM 203-602] Inlining function 'generic_cast_IEEE754<int, (ap_q_mode)6, float>' into 'generic_cast_IEEE754<int, float>' (r:/builds/2018.2/continuous/2018_06_14_2258646/src/products/hls/hls_lib/hlsmath/include/FloatingPoint\hls_case_IEEE754.h:98) automatically.
INFO: [XFORM 203-602] Inlining function 'generic_cast_IEEE754<int, float>' into '__hls_fptosi_float_i32' (r:/builds/2018.2/continuous/2018_06_14_2258646/src/products/hls/hls_lib/hlsmath/src/lib_floatconversion.cpp:50) automatically.
Command         transform done; 0.233 sec.
INFO-FLOW: Checking Synthesizability 2/2..
Execute         transform -syn-check D:/Xilinx/Vivado_Projects/Senior_Project_all/hls/motion_management/solution1/.autopilot/db/a.g.2.prechk.bc -o D:/Xilinx/Vivado_Projects/Senior_Project_all/hls/motion_management/solution1/.autopilot/db/a.g.2.bc -f -phase syn-check 
Command         transform done; 0.167 sec.
INFO: [HLS 200-111] Finished Checking Synthesizability Time (s): cpu = 00:00:02 ; elapsed = 00:00:12 . Memory (MB): peak = 185.090 ; gain = 128.000
INFO-FLOW: Compiler optimizing ...
INFO-FLOW: Share syncheck's 1.bc for syn flow: copy D:/Xilinx/Vivado_Projects/Senior_Project_all/hls/motion_management/solution1/.autopilot/db/a.g.1.bc to D:/Xilinx/Vivado_Projects/Senior_Project_all/hls/motion_management/solution1/.autopilot/db/a.o.1.bc
INFO-FLOW: Presyn 1...
Execute         transform -hls -tmp D:/Xilinx/Vivado_Projects/Senior_Project_all/hls/motion_management/solution1/.autopilot/db -interface-port-rename -type-info -function-uniquify -directive-preproc -mem2reg -dse -dce -disaggr -scalarrepl -norm-name -deadargelim -mem2reg -instcombine -dce -simplifycfg -auto-rom-infer -dce -function-uniquify -resource-proc -simplifycfg -mem2reg -globaldce -resolve-double-ptr -dce -deadargelim -dce -instcombine -clib-intrinsic-prepare -dce -func-buffer -dce -array-normalize -func-legal -instcombine -gvn -constprop -dce -ptrArgReplace -mem2reg -instcombine -dce -array-seg-normalize -deadargelim -instcombine -dce -pointer-simplify -dce -port-alignment -dce -interface-preproc -data-pack -instcombine -dce -basicaa -aggr-aa -aggrmodref-aa -aggr-aa -gvn -gvn -basicaa -aggr-aa -aggrmodref-aa -aggr-aa -dse -adse -adce -loop-simplify -indvars -instcombine -gvn -loop-simplify -mem2reg -dce -find-region -instcombine -auto-loop-pipeline -inst-simplify -interface-preproc -cfgopt -instcombine -indvars -auto-loop-unroll -loop-simplify -loop-bound -xunroll -constprop -instcombine -simplifycfg -indvars -simplifycfg -dce -globaldce -clean-region -attach-range -gvn -inst-simplify -constprop -simplifycfg -dce -pointer-simplify -dce -globalopt -constprop -dce -array-promote -constprop -instcombine -dce -ptrArgReplace -mem2reg -instcombine -simplifycfg -dce -auto-par -instcombine -dce -array-transform-check -array-reshape -instcombine -simplifycfg -dce -ptrArgReplace -deadargelim -mem2reg -instcombine -simplifycfg -dce -indvars -loop-simplify -loop-bound -xunroll -constprop -instcombine -simplifycfg -indvars -simplifycfg -dce -globaldce -duplicate-dataflow-processes -globaldce -instcombine -array-partition -instcombine -simplifycfg -dce -ptrArgReplace -global-constprop -deadargelim -mem2reg -func-legal -instcombine -dce -global-constprop -deadargelim -mem2reg -instcombine -simplifycfg -dce -merge-param -deadargelim -globalopt -constprop -dce -array-promote -constprop -instcombine -dce -ptrArgReplace -mem2reg -instcombine -simplifycfg -dce -mem-intrinsic-preproc -dce -global-internalize -global-privatize -mem2reg -globaldce -promote-global-argument -ptrArgReplace -mem2reg -instcombine -dce -globalopt -mergereturn -simplify-global-access -mem2reg -dce -pointer-simplify -dce -functionattrs -basicaa -aggr-aa -aggrmodref-aa -aggr-aa -gvn -gvn -basicaa -aggr-aa -aggrmodref-aa -aggr-aa -dse -adse -adce -inst-simplify -dce -norm-name -function-inline -globaldce -func-inst -constprop -instcombine -simplifycfg -dce -func-legal -dce -loop-bound -arraycheck -bitwidthmin -on-by-dataflow -loop-delete -instcombine -simplifycfg -globaldce -dce -gvn -deadargelim -dce -loop-simplify -clean-region -simplifycfg -propagate-stable-arguments -loop-stream -instcombine -simplifycfg -dce -globaldce -duplicate-dataflow-processes -stream-intrinsic-preproc -dce -check-ap-stream -loop-simplify -eliminate-keepreads -extract-dataflow-in-loop -loop-simplify -dce -gvn -deadargelim -dse -check-dataflow-syntax -legalize-stream-variable -legalize-global -extract-subproc -dce -dead-channel-elimination -canonicalize-gep -globaldce -dce -gvn -deadargelim -annotate-dataflow-channels -scalar-propagation -deadargelim -globaldce -mem2reg -check-dataflow-channels -function-stream -dce -globaldce -prop-fifo-spec -internal-stream-gen -canonicalize-gep -globaldce -dce -gvn -deadargelim -mergereturn -indvars -loop-simplify -instcombine -array-stream -array-seg-normalize -array-partition -func-legal -instcombine -simplifycfg -dce -bundle-memfifo-ops -deadargelim -function-uniquify -directive-preproc -mem2reg -dse -dce -group-axi-access -licm -simplifycfg -dce -loop-delete -norm-name D:/Xilinx/Vivado_Projects/Senior_Project_all/hls/motion_management/solution1/.autopilot/db/a.o.1.bc -o D:/Xilinx/Vivado_Projects/Senior_Project_all/hls/motion_management/solution1/.autopilot/db/a.o.1.tmp.bc -f 
INFO: [XFORM 203-602] Inlining function 'fp_struct<float>::mantissa' into 'generic_cast_IEEE754<int, (ap_q_mode)6, float>' (r:/builds/2018.2/continuous/2018_06_14_2258646/src/products/hls/hls_lib/hlsmath/include/FloatingPoint\hls_case_IEEE754.h:14) automatically.
INFO: [XFORM 203-602] Inlining function 'fp_struct<float>::expv' into 'generic_cast_IEEE754<int, (ap_q_mode)6, float>' (r:/builds/2018.2/continuous/2018_06_14_2258646/src/products/hls/hls_lib/hlsmath/include/FloatingPoint\hls_case_IEEE754.h:17) automatically.
INFO: [XFORM 203-602] Inlining function 'fp_struct<float>::__signbit' into 'generic_cast_IEEE754<int, (ap_q_mode)6, float>' (r:/builds/2018.2/continuous/2018_06_14_2258646/src/products/hls/hls_lib/hlsmath/include/FloatingPoint\hls_case_IEEE754.h:49) automatically.
INFO: [XFORM 203-602] Inlining function 'generic_cast_IEEE754<int, (ap_q_mode)6, float>' into 'generic_cast_IEEE754<int, float>' (r:/builds/2018.2/continuous/2018_06_14_2258646/src/products/hls/hls_lib/hlsmath/include/FloatingPoint\hls_case_IEEE754.h:98) automatically.
INFO: [XFORM 203-602] Inlining function 'generic_cast_IEEE754<int, float>' into '__hls_fptosi_float_i32' (r:/builds/2018.2/continuous/2018_06_14_2258646/src/products/hls/hls_lib/hlsmath/src/lib_floatconversion.cpp:50) automatically.
INFO: [XFORM 203-602] Inlining function '__hls_fptosi_float_i32' into 'manage' (manage.cpp:69) automatically.
Command         transform done; 0.397 sec.
INFO-FLOW: Presyn 2...
Execute         transform -hls -keep-callgraph -scalarrepl -mem2reg -port-alignment -attach-range -dce -pipe-mux-gen -indvars -loop-bound -inst-simplify -instcombine -dce -merge-array-access -mem2reg -dce -clean-region -mergereturn -if-conv -instcombine -dce -constprop -basicaa -aggr-aa -aggrmodref-aa -aggr-aa -gvn -gvn -basicaa -aggr-aa -aggrmodref-aa -aggr-aa -dse -adse -adce -scalarrepl -mem2reg -global-constprop -deadargelim -deadargelim -instcombine -dce -simplifycfg -ptrArgReplace -mem2reg -function-inline -globaldce -mem2reg -instcombine -dce -expr-balance -instcombine -dce -bitwidthmin -interface-preproc -directive-preproc -inst-rectify -instcombine -dce -functionattrs -constprop -instcombine -bit-constprop -simplify-global-access -globalopt -globaldce -inst-simplify -instcombine -elimdeaddata -dce -loop-delete -simplifycfg -loop-simplify -auto-burst -norm-name D:/Xilinx/Vivado_Projects/Senior_Project_all/hls/motion_management/solution1/.autopilot/db/a.o.1.tmp.bc -o D:/Xilinx/Vivado_Projects/Senior_Project_all/hls/motion_management/solution1/.autopilot/db/a.o.2.bc -f -phase presyn 
Command         transform done; 0.269 sec.
INFO: [HLS 200-111] Finished Pre-synthesis Time (s): cpu = 00:00:03 ; elapsed = 00:00:12 . Memory (MB): peak = 246.297 ; gain = 189.207
INFO-FLOW: Building ssdm...
Execute         transform -hls -function-uniquify -auto-function-inline -globaldce -ptrArgReplace -mem2reg -instcombine -dce -reset-lda -loop-simplify -indvars -licm -loop-dep -loop-bound -licm -loop-simplify -flattenloopnest -array-flatten -gvn -instcombine -dce -array-map -dce -func-legal -gvn -adce -instcombine -cfgopt -simplifycfg -loop-simplify -array-burst -promote-global-argument -dce -axi4-lower -array-seg-normalize -basicaa -aggrmodref-aa -globalsmodref-aa -aggr-aa -gvn -gvn -basicaa -aggrmodref-aa -globalsmodref-aa -aggr-aa -dse -adse -adce -licm -inst-simplify -dce -globaldce -instcombine -array-stream -eliminate-keepreads -instcombine -dce -deadargelim -doublePtrSimplify -doublePtrElim -dce -doublePtrSimplify -promote-dbg-pointer -dce -scalarrepl -mem2reg -disaggr -norm-name -mem2reg -instcombine -dse -adse -adce -ptrLegalization -dce -auto-rom-infer -array-flatten -dce -instcombine -check-doubleptr -loop-rot -constprop -cfgopt -simplifycfg -loop-simplify -indvars -pointer-simplify -dce -loop-bound -loop-simplify -loop-preproc -constprop -global-constprop -gvn -mem2reg -instcombine -dce -loop-bound -loop-merge -dce -bitwidthmin -deadargelim -dce -canonicalize-dataflow -dce -scalar-propagation -deadargelim -globaldce -mem2reg -read-loop-dep -interface-preproc -directive-preproc -interface-gen -bram-byte-enable -deadargelim -inst-simplify -dce -gvn -mem2reg -instcombine -dce -adse -loop-bound -instcombine -cfgopt -simplifycfg -loop-simplify -clean-region -io-protocol -find-region -mem2reg -bitop-raise -inst-simplify -inst-rectify -instcombine -adce -deadargelim -loop-simplify -phi-opt -bitop-raise -cfgopt -simplifycfg -strip-dead-prototypes -interface-lower -bitop-lower -intrinsic-lower -auto-function-inline -basicaa -aggrmodref-aa -globalsmodref-aa -aggr-aa -inst-simplify -simplifycfg -loop-simplify -mergereturn -inst-simplify -inst-rectify -dce -load-elim -bitop-lower -loop-rewind -pointer-simplify -dce -cfgopt -dce -bitwidth -loop-dep -read-loop-dep -dce -check-stream -norm-name -legalize -validate-dataflow -dead-allocation-elimination -cdfg-build D:/Xilinx/Vivado_Projects/Senior_Project_all/hls/motion_management/solution1/.autopilot/db/a.o.2.bc -o D:/Xilinx/Vivado_Projects/Senior_Project_all/hls/motion_management/solution1/.autopilot/db/a.o.3.bc -f -phase build-ssdm 
WARNING: [XFORM 203-561] 'Loop-2' (manage.cpp:113:3) in function 'manage' is an infinite loop.
Command         transform done; 0.405 sec.
INFO: [HLS 200-111] Finished Architecture Synthesis Time (s): cpu = 00:00:03 ; elapsed = 00:00:13 . Memory (MB): peak = 257.055 ; gain = 199.965
INFO-FLOW: Finish building internal data model.
Command       opt_and_import_c done; 3.408 sec.
Command     elaborate done; 11.846 sec.
Execute     autosyn -from_csynth_design=1 
INFO: [HLS 200-10] Starting hardware synthesis ...
INFO-FLOW: Synthesizing C/C++ design ...
INFO: [HLS 200-10] Synthesizing 'manage' ...
Execute       ap_set_top_model manage 
Execute       get_model_list manage -filter all-wo-channel -topdown 
Execute       preproc_iomode -model manage 
Execute       get_model_list manage -filter all-wo-channel 
INFO-FLOW: Model list for configure: manage
INFO-FLOW: Configuring Module : manage ...
Execute       set_default_model manage 
Execute       apply_spec_resource_limit manage 
INFO-FLOW: Model list for preprocess: manage
INFO-FLOW: Preprocessing Module: manage ...
Execute       set_default_model manage 
Execute       cdfg_preprocess -model manage 
Execute       rtl_gen_preprocess manage 
INFO-FLOW: Model list for synthesis: manage
INFO: [HLS 200-10] ----------------------------------------------------------------
INFO: [HLS 200-42] -- Implementing module 'manage' 
INFO: [HLS 200-10] ----------------------------------------------------------------
Execute       set_default_model manage 
Execute       schedule -model manage 
INFO: [SCHED 204-11] Starting scheduling ...
INFO: [SCHED 204-11] Finished scheduling.
Command       schedule done; 0.166 sec.
INFO: [HLS 200-111]  Elapsed time: 12.843 seconds; current allocated memory: 197.257 MB.
Execute       report -o D:/Xilinx/Vivado_Projects/Senior_Project_all/hls/motion_management/solution1/.autopilot/db/manage.verbose.sched.rpt -verbose -f 
INFO: [HLS 200-434] Only 0 loops out of a total 4 loops have been pipelined in this design.
Execute       db_write -o D:/Xilinx/Vivado_Projects/Senior_Project_all/hls/motion_management/solution1/.autopilot/db/manage.sched.adb -f 
INFO-FLOW: Finish scheduling manage.
Execute       set_default_model manage 
Execute       bind -model manage 
BIND OPTION: fu_weight=[ 0.0 -- 1.0 ]
BIND OPTION: model=manage
BIND OPTION: reg_weight=[ 0.0 -- 1.0 ]
INFO: [BIND 205-100] Starting micro-architecture generation ...
INFO: [BIND 205-101] Performing variable lifetime analysis.
INFO: [BIND 205-101] Exploring resource sharing.
INFO: [BIND 205-101] Binding ...
INFO: [BIND 205-100] Finished micro-architecture generation.
INFO: [HLS 200-111]  Elapsed time: 0.131 seconds; current allocated memory: 198.110 MB.
Execute       report -o D:/Xilinx/Vivado_Projects/Senior_Project_all/hls/motion_management/solution1/.autopilot/db/manage.verbose.bind.rpt -verbose -f 
Execute       db_write -o D:/Xilinx/Vivado_Projects/Senior_Project_all/hls/motion_management/solution1/.autopilot/db/manage.bind.adb -f 
INFO-FLOW: Finish binding manage.
Execute       get_model_list manage -filter all-wo-channel 
INFO-FLOW: Preprocessing for RTLGen ...
Execute       rtl_gen_preprocess manage 
INFO-FLOW: Model list for RTL generation: manage
INFO: [HLS 200-10] ----------------------------------------------------------------
INFO: [HLS 200-10] -- Generating RTL for module 'manage' 
INFO: [HLS 200-10] ----------------------------------------------------------------
Execute       get_config_rtl -prefix 
Execute       get_config_rtl -auto_prefix 
Execute       create_rtl_model manage -vendor xilinx -mg_file D:/Xilinx/Vivado_Projects/Senior_Project_all/hls/motion_management/solution1/.autopilot/db/manage.compgen.tcl 
INFO: [RTGEN 206-500] Setting interface mode on port 'manage/sensor' to 'ap_none'.
INFO: [RTGEN 206-500] Setting interface mode on port 'manage/homing' to 's_axilite & ap_none'.
INFO: [RTGEN 206-500] Setting interface mode on port 'manage/forward' to 'ap_none'.
WARNING: [RTGEN 206-101] Port 'forward' with mode 'ap_none' may require an associated data valid signal to correctly communicate with other blocks or a test bench; automatic C/RTL co-simulation may not be able to verify such a port.
INFO: [RTGEN 206-500] Setting interface mode on port 'manage/back' to 'ap_none'.
WARNING: [RTGEN 206-101] Port 'back' with mode 'ap_none' may require an associated data valid signal to correctly communicate with other blocks or a test bench; automatic C/RTL co-simulation may not be able to verify such a port.
INFO: [RTGEN 206-500] Setting interface mode on port 'manage/f' to 's_axilite & ap_vld'.
INFO: [RTGEN 206-500] Setting interface mode on port 'manage/current_count' to 'ap_none'.
INFO: [RTGEN 206-500] Setting interface mode on port 'manage/k' to 's_axilite & ap_none'.
INFO: [RTGEN 206-500] Setting interface mode on port 'manage/freq' to 'ap_none'.
WARNING: [RTGEN 206-101] Port 'freq' with mode 'ap_none' may require an associated data valid signal to correctly communicate with other blocks or a test bench; automatic C/RTL co-simulation may not be able to verify such a port.
INFO: [RTGEN 206-500] Setting interface mode on port 'manage/enable' to 'ap_none'.
WARNING: [RTGEN 206-101] Port 'enable' with mode 'ap_none' may require an associated data valid signal to correctly communicate with other blocks or a test bench; automatic C/RTL co-simulation may not be able to verify such a port.
INFO: [RTGEN 206-500] Setting interface mode on port 'manage/monitor' to 's_axilite & ap_none'.
INFO: [RTGEN 206-500] Setting interface mode on function 'manage' to 's_axilite & ap_ctrl_hs'.
INFO: [RTGEN 206-100] Bundling port 'return', 'homing', 'f', 'k' and 'monitor' to AXI-Lite port man.
INFO: [SYN 201-210] Renamed object name 'manage_sitofp_32ns_32_6_1' to 'manage_sitofp_32nbkb' due to the length limit 20
INFO: [SYN 201-210] Renamed object name 'manage_sdiv_25ns_32ns_32_29_seq_1' to 'manage_sdiv_25ns_cud' due to the length limit 20
INFO: [RTGEN 206-100] Generating core module 'manage_sdiv_25ns_cud': 3 instance(s).
INFO: [RTGEN 206-100] Generating core module 'manage_sitofp_32nbkb': 1 instance(s).
INFO: [RTGEN 206-100] Finished creating RTL model for 'manage'.
INFO: [HLS 200-111]  Elapsed time: 0.25 seconds; current allocated memory: 199.963 MB.
Execute       source D:/Xilinx/Vivado_Projects/Senior_Project_all/hls/motion_management/solution1/.autopilot/db/manage.rtl_wrap.cfg.tcl 
Execute       gen_rtl manage -istop -style xilinx -tracefl mytrace -tracefmt vcd -traceopt all -f -lang sc -o D:/Xilinx/Vivado_Projects/Senior_Project_all/hls/motion_management/solution1/syn/systemc/manage -synmodules manage 
Execute       gen_rtl manage -istop -style xilinx -f -lang vhdl -o D:/Xilinx/Vivado_Projects/Senior_Project_all/hls/motion_management/solution1/syn/vhdl/manage 
Execute       gen_rtl manage -istop -style xilinx -f -lang vlog -o D:/Xilinx/Vivado_Projects/Senior_Project_all/hls/motion_management/solution1/syn/verilog/manage 
Execute       export_constraint_db -o D:/Xilinx/Vivado_Projects/Senior_Project_all/hls/motion_management/solution1/.autopilot/db/manage.constraint.tcl -f -tool general 
Execute       report -model manage -o D:/Xilinx/Vivado_Projects/Senior_Project_all/hls/motion_management/solution1/.autopilot/db/manage.design.xml -verbose -f -dv 
Execute       report -model manage -o D:/Xilinx/Vivado_Projects/Senior_Project_all/hls/motion_management/solution1/.autopilot/db/manage.sdaccel.xml -verbose -f -sdaccel 
Execute       gen_tb_info manage -o D:/Xilinx/Vivado_Projects/Senior_Project_all/hls/motion_management/solution1/.autopilot/db/manage -p D:/Xilinx/Vivado_Projects/Senior_Project_all/hls/motion_management/solution1/.autopilot/db 
Execute       report -model manage -o D:/Xilinx/Vivado_Projects/Senior_Project_all/hls/motion_management/solution1/syn/report/manage_csynth.rpt -f 
Execute       report -model manage -o D:/Xilinx/Vivado_Projects/Senior_Project_all/hls/motion_management/solution1/syn/report/manage_csynth.xml -f -x 
Execute       report -model manage -o D:/Xilinx/Vivado_Projects/Senior_Project_all/hls/motion_management/solution1/.autopilot/db/manage.verbose.rpt -verbose -f 
Execute       db_write -model manage -o D:/Xilinx/Vivado_Projects/Senior_Project_all/hls/motion_management/solution1/.autopilot/db/manage.adb -f 
Execute       sc_get_clocks manage 
Execute       sc_get_portdomain manage 
INFO-FLOW: Model list for RTL component generation: manage
INFO-FLOW: Handling components in module [manage] ... 
Execute       source D:/Xilinx/Vivado_Projects/Senior_Project_all/hls/motion_management/solution1/.autopilot/db/manage.compgen.tcl 
INFO-FLOW: Found component manage_sitofp_32nbkb.
INFO-FLOW: Append model manage_sitofp_32nbkb
INFO-FLOW: Found component manage_sdiv_25ns_cud.
INFO-FLOW: Append model manage_sdiv_25ns_cud
INFO-FLOW: Found component manage_man_s_axi.
INFO-FLOW: Append model manage_man_s_axi
INFO-FLOW: Append model manage
INFO-FLOW: Generating RTL model list ...
INFO-FLOW: All models in this session: manage_sitofp_32nbkb manage_sdiv_25ns_cud manage_man_s_axi manage
INFO-FLOW: To file: write model manage_sitofp_32nbkb
INFO-FLOW: To file: write model manage_sdiv_25ns_cud
INFO-FLOW: To file: write model manage_man_s_axi
INFO-FLOW: To file: write model manage
INFO-FLOW: Finished generating RTL model list.


INFO-FLOW: RTL Generation done.
INFO-FLOW: CAS Generation done.
INFO-FLOW: CBC Generation done.
Execute       get_config_sdx -target 
Execute       source D:/Xilinx/Vivado_Projects/Senior_Project_all/hls/motion_management/solution1/.autopilot/db/global.setting.tcl 
Execute       source D:/Xilinx/Vivado/2018.2/common/technology/generic/autopilot/common.gen 
Execute         source D:/Xilinx/Vivado/2018.2/common/technology/generic/autopilot/APCoreGen.gen 
Execute       source D:/Xilinx/Vivado/2018.2/common/technology/generic/autopilot/op.gen 
Execute       source D:/Xilinx/Vivado/2018.2/common/technology/generic/autopilot/op_simcore.gen 
Execute       source D:/Xilinx/Vivado/2018.2/common/technology/generic/autopilot/interface.gen 
Execute       source D:/Xilinx/Vivado_Projects/Senior_Project_all/hls/motion_management/solution1/.autopilot/db/global.setting.tcl 
Execute       source D:/Xilinx/Vivado/2018.2/common/technology/xilinx/zynq/zynq.gen 
Execute         source D:/Xilinx/Vivado/2018.2/common/technology/xilinx/common/virtex.gen 
Execute           source D:/Xilinx/Vivado/2018.2/common/technology/xilinx/common/xilinx.gen 
Execute             source D:/Xilinx/Vivado/2018.2/common/technology/xilinx/interface/plb46.gen 
Execute             source D:/Xilinx/Vivado/2018.2/common/technology/xilinx/interface/fsl.gen 
Execute             source D:/Xilinx/Vivado/2018.2/common/technology/xilinx/interface/axi4.gen 
Execute             source D:/Xilinx/Vivado/2018.2/common/technology/xilinx/interface/nativeAXI4.gen 
Execute               source D:/Xilinx/Vivado/2018.2/common/technology/xilinx/interface/saxilite.gen 
Execute               source D:/Xilinx/Vivado/2018.2/common/technology/xilinx/interface/maxi.gen 
Execute             source D:/Xilinx/Vivado/2018.2/common/technology/xilinx/scripts/xilinxcoregen.gen 
Execute             source D:/Xilinx/Vivado/2018.2/common/technology/xilinx/interface/XilEDKCoreGen.gen 
Execute             source D:/Xilinx/Vivado/2018.2/common/technology/xilinx/ip/dds_compiler.gen 
Execute             source D:/Xilinx/Vivado/2018.2/common/technology/xilinx/ip/util.gen 
Execute             source D:/Xilinx/Vivado/2018.2/common/technology/xilinx/ip/xfft.gen 
Execute             source D:/Xilinx/Vivado/2018.2/common/technology/xilinx/ip/xfir.gen 
Command           ap_source done; 0.104 sec.
Execute           source D:/Xilinx/Vivado/2018.2/common/technology/xilinx/common/dsp48.gen 
Command         ap_source done; 0.105 sec.
Command       ap_source done; 0.106 sec.
Execute       source D:/Xilinx/Vivado/2018.2/common/technology/xilinx/zynq/zynq_fpv6.gen 
Execute         source D:/Xilinx/Vivado/2018.2/common/technology/xilinx/common/xilinx_fpv6.gen 
Execute       source D:/Xilinx/Vivado_Projects/Senior_Project_all/hls/motion_management/solution1/.autopilot/db/global.setting.tcl 
Execute       source D:/Xilinx/Vivado_Projects/Senior_Project_all/hls/motion_management/solution1/.autopilot/db/global.setting.tcl 
Execute       source D:/Xilinx/Vivado_Projects/Senior_Project_all/hls/motion_management/solution1/.autopilot/db/global.setting.tcl 
Execute       source D:/Xilinx/Vivado_Projects/Senior_Project_all/hls/motion_management/solution1/.autopilot/db/manage.compgen.tcl 
INFO: [RTMG 210-282] Generating pipelined core: 'manage_sdiv_25ns_cud_div'
Execute         source ./man.slave.tcl 
Execute         is_m_axi_addr64 
Command       ap_source done; 0.174 sec.
Execute       get_config_sdx -target 
Execute       source D:/Xilinx/Vivado_Projects/Senior_Project_all/hls/motion_management/solution1/.autopilot/db/global.setting.tcl 
Execute       source D:/Xilinx/Vivado/2018.2/common/technology/generic/autopilot/common.gen 
Execute         source D:/Xilinx/Vivado/2018.2/common/technology/generic/autopilot/APCoreGen.gen 
Execute       source D:/Xilinx/Vivado/2018.2/common/technology/generic/autopilot/op.gen 
Execute       source D:/Xilinx/Vivado/2018.2/common/technology/generic/autopilot/op_simcore.gen 
Execute       source D:/Xilinx/Vivado/2018.2/common/technology/generic/autopilot/interface.gen 
Execute       source D:/Xilinx/Vivado_Projects/Senior_Project_all/hls/motion_management/solution1/.autopilot/db/global.setting.tcl 
Execute       source D:/Xilinx/Vivado/2018.2/common/technology/xilinx/zynq/zynq.gen 
Execute         source D:/Xilinx/Vivado/2018.2/common/technology/xilinx/common/virtex.gen 
Execute           source D:/Xilinx/Vivado/2018.2/common/technology/xilinx/common/xilinx.gen 
Execute             source D:/Xilinx/Vivado/2018.2/common/technology/xilinx/interface/plb46.gen 
Execute             source D:/Xilinx/Vivado/2018.2/common/technology/xilinx/interface/fsl.gen 
Execute             source D:/Xilinx/Vivado/2018.2/common/technology/xilinx/interface/axi4.gen 
Execute             source D:/Xilinx/Vivado/2018.2/common/technology/xilinx/interface/nativeAXI4.gen 
Execute               source D:/Xilinx/Vivado/2018.2/common/technology/xilinx/interface/saxilite.gen 
Execute               source D:/Xilinx/Vivado/2018.2/common/technology/xilinx/interface/maxi.gen 
Execute             source D:/Xilinx/Vivado/2018.2/common/technology/xilinx/scripts/xilinxcoregen.gen 
Execute             source D:/Xilinx/Vivado/2018.2/common/technology/xilinx/interface/XilEDKCoreGen.gen 
Execute             source D:/Xilinx/Vivado/2018.2/common/technology/xilinx/ip/dds_compiler.gen 
Execute             source D:/Xilinx/Vivado/2018.2/common/technology/xilinx/ip/util.gen 
Execute             source D:/Xilinx/Vivado/2018.2/common/technology/xilinx/ip/xfft.gen 
Execute             source D:/Xilinx/Vivado/2018.2/common/technology/xilinx/ip/xfir.gen 
Command           ap_source done; 0.104 sec.
Execute           source D:/Xilinx/Vivado/2018.2/common/technology/xilinx/common/dsp48.gen 
Command         ap_source done; 0.105 sec.
Command       ap_source done; 0.105 sec.
Execute       source D:/Xilinx/Vivado/2018.2/common/technology/xilinx/zynq/zynq_fpv6.gen 
Execute         source D:/Xilinx/Vivado/2018.2/common/technology/xilinx/common/xilinx_fpv6.gen 
Execute       source D:/Xilinx/Vivado_Projects/Senior_Project_all/hls/motion_management/solution1/.autopilot/db/manage.rtl_wrap.cfg.tcl 
Execute       source D:/Xilinx/Vivado_Projects/Senior_Project_all/hls/motion_management/solution1/.autopilot/db/manage.rtl_wrap.cfg.tcl 
Execute       source D:/Xilinx/Vivado_Projects/Senior_Project_all/hls/motion_management/solution1/.autopilot/db/manage.rtl_wrap.cfg.tcl 
Execute       source D:/Xilinx/Vivado_Projects/Senior_Project_all/hls/motion_management/solution1/.autopilot/db/manage.tbgen.tcl 
Execute       source D:/Xilinx/Vivado_Projects/Senior_Project_all/hls/motion_management/solution1/.autopilot/db/manage.tbgen.tcl 
Execute       source D:/Xilinx/Vivado_Projects/Senior_Project_all/hls/motion_management/solution1/.autopilot/db/global.setting.tcl 
Execute       source D:/Xilinx/Vivado_Projects/Senior_Project_all/hls/motion_management/solution1/.autopilot/db/manage.compgen.tcl 
Execute       source D:/Xilinx/Vivado_Projects/Senior_Project_all/hls/motion_management/solution1/.autopilot/db/global.setting.tcl 
Execute       source D:/Xilinx/Vivado_Projects/Senior_Project_all/hls/motion_management/solution1/.autopilot/db/manage.compgen.tcl 
Execute       source D:/Xilinx/Vivado_Projects/Senior_Project_all/hls/motion_management/solution1/.autopilot/db/global.setting.tcl 
Execute       source D:/Xilinx/Vivado_Projects/Senior_Project_all/hls/motion_management/solution1/.autopilot/db/manage.compgen.tcl 
Execute       source D:/Xilinx/Vivado_Projects/Senior_Project_all/hls/motion_management/solution1/.autopilot/db/global.setting.tcl 
Execute       source D:/Xilinx/Vivado_Projects/Senior_Project_all/hls/motion_management/solution1/.autopilot/db/manage.constraint.tcl 
Execute       source D:/Xilinx/Vivado_Projects/Senior_Project_all/hls/motion_management/solution1/.autopilot/db/manage.tbgen.tcl 
Execute       source D:/Xilinx/Vivado_Projects/Senior_Project_all/hls/motion_management/solution1/.autopilot/db/global.setting.tcl 
Execute       source D:/Xilinx/Vivado_Projects/Senior_Project_all/hls/motion_management/solution1/.autopilot/db/global.setting.tcl 
Execute       source D:/Xilinx/Vivado_Projects/Senior_Project_all/hls/motion_management/solution1/.autopilot/db/global.setting.tcl 
Execute       source D:/Xilinx/Vivado_Projects/Senior_Project_all/hls/motion_management/solution1/.autopilot/db/manage.tbgen.tcl 
Execute       source D:/Xilinx/Vivado_Projects/Senior_Project_all/hls/motion_management/solution1/.autopilot/db/manage.tbgen.tcl 
Execute       source D:/Xilinx/Vivado_Projects/Senior_Project_all/hls/motion_management/solution1/.autopilot/db/manage.tbgen.tcl 
Execute       source D:/Xilinx/Vivado_Projects/Senior_Project_all/hls/motion_management/solution1/.autopilot/db/manage.tbgen.tcl 
Execute       source D:/Xilinx/Vivado_Projects/Senior_Project_all/hls/motion_management/solution1/.autopilot/db/manage.tbgen.tcl 
Execute       source D:/Xilinx/Vivado_Projects/Senior_Project_all/hls/motion_management/solution1/.autopilot/db/global.setting.tcl 
Execute       source D:/Xilinx/Vivado_Projects/Senior_Project_all/hls/motion_management/solution1/.autopilot/db/manage.constraint.tcl 
Execute       sc_get_clocks manage 
Execute       source D:/Xilinx/Vivado_Projects/Senior_Project_all/hls/motion_management/solution1/.autopilot/db/global.setting.tcl 
Execute       source D:/Xilinx/Vivado_Projects/Senior_Project_all/hls/motion_management/solution1/impl/misc/manage_ap_sitofp_4_no_dsp_32_ip.tcl 
Execute       get_config_sdx -target 
Execute       get_config_sdx -profile 
Execute       ::config_rtl 
INFO: [HLS 200-111] Finished generating all RTL models Time (s): cpu = 00:00:04 ; elapsed = 00:00:15 . Memory (MB): peak = 261.234 ; gain = 204.145
INFO: [SYSC 207-301] Generating SystemC RTL for manage.
INFO: [VHDL 208-304] Generating VHDL RTL for manage.
INFO: [VLOG 209-307] Generating Verilog RTL for manage.
Command     autosyn done; 1.87 sec.
Command   csynth_design done; 13.72 sec.
Command ap_source done; 14.107 sec.
Execute cleanup_all 
